have_func: checking for rb_thread_blocking_region()... -------------------- no

"gcc -o conftest -I. -I/usr/local/lib/ruby/1.8/i686-linux -I.  -D_FILE_OFFSET_BITS=64  -g -O2   conftest.c  -L. -L/usr/local/lib -Wl,-R/usr/local/lib -L.  -rdynamic -Wl,-export-dynamic     -lruby-static  -ldl -lcrypt -lm   -lc"
conftest.c: In function ‘t’:
conftest.c:3: error: ‘rb_thread_blocking_region’ undeclared (first use in this function)
conftest.c:3: error: (Each undeclared identifier is reported only once
conftest.c:3: error: for each function it appears in.)
checked program was:
/* begin */
1: /*top*/
2: int main() { return 0; }
3: int t() { void ((*volatile p)()); p = (void ((*)()))rb_thread_blocking_region; return 0; }
/* end */

"gcc -o conftest -I. -I/usr/local/lib/ruby/1.8/i686-linux -I.  -D_FILE_OFFSET_BITS=64  -g -O2   conftest.c  -L. -L/usr/local/lib -Wl,-R/usr/local/lib -L.  -rdynamic -Wl,-export-dynamic     -lruby-static  -ldl -lcrypt -lm   -lc"
/tmp/ccFOVUEq.o: In function `t':
/svn/usr/http_client/em-http/ext/buffer/conftest.c:3: undefined reference to `rb_thread_blocking_region'
collect2: ld returned 1 exit status
checked program was:
/* begin */
1: /*top*/
2: int main() { return 0; }
3: int t() { rb_thread_blocking_region(); return 0; }
/* end */

--------------------

have_func: checking for rb_str_set_len()... -------------------- yes

"gcc -o conftest -I. -I/usr/local/lib/ruby/1.8/i686-linux -I.  -D_FILE_OFFSET_BITS=64  -g -O2   conftest.c  -L. -L/usr/local/lib -Wl,-R/usr/local/lib -L.  -rdynamic -Wl,-export-dynamic     -lruby-static  -ldl -lcrypt -lm   -lc"
conftest.c: In function ‘t’:
conftest.c:3: error: ‘rb_str_set_len’ undeclared (first use in this function)
conftest.c:3: error: (Each undeclared identifier is reported only once
conftest.c:3: error: for each function it appears in.)
checked program was:
/* begin */
1: /*top*/
2: int main() { return 0; }
3: int t() { void ((*volatile p)()); p = (void ((*)()))rb_str_set_len; return 0; }
/* end */

"gcc -o conftest -I. -I/usr/local/lib/ruby/1.8/i686-linux -I.  -D_FILE_OFFSET_BITS=64  -g -O2   conftest.c  -L. -L/usr/local/lib -Wl,-R/usr/local/lib -L.  -rdynamic -Wl,-export-dynamic     -lruby-static  -ldl -lcrypt -lm   -lc"
checked program was:
/* begin */
1: /*top*/
2: int main() { return 0; }
3: int t() { rb_str_set_len(); return 0; }
/* end */

--------------------

have_header: checking for sys/select.h... -------------------- yes

"gcc -E -I. -I/usr/local/lib/ruby/1.8/i686-linux -I.  -D_FILE_OFFSET_BITS=64  -g -O2    conftest.c -o conftest.i"
checked program was:
/* begin */
1: #include <sys/select.h>
/* end */

--------------------

have_header: checking for poll.h... -------------------- yes

"gcc -E -I. -I/usr/local/lib/ruby/1.8/i686-linux -I.  -D_FILE_OFFSET_BITS=64  -g -O2    conftest.c -o conftest.i"
checked program was:
/* begin */
1: #include <poll.h>
/* end */

--------------------

have_header: checking for sys/epoll.h... -------------------- yes

"gcc -E -I. -I/usr/local/lib/ruby/1.8/i686-linux -I.  -D_FILE_OFFSET_BITS=64  -g -O2    conftest.c -o conftest.i"
checked program was:
/* begin */
1: #include <sys/epoll.h>
/* end */

--------------------

have_header: checking for sys/event.h... -------------------- no

"gcc -E -I. -I/usr/local/lib/ruby/1.8/i686-linux -I.  -D_FILE_OFFSET_BITS=64  -g -O2    conftest.c -o conftest.i"
conftest.c:1:23: error: sys/event.h: No such file or directory
checked program was:
/* begin */
1: #include <sys/event.h>
/* end */

--------------------

have_header: checking for port.h... -------------------- no

"gcc -E -I. -I/usr/local/lib/ruby/1.8/i686-linux -I.  -D_FILE_OFFSET_BITS=64  -g -O2    conftest.c -o conftest.i"
conftest.c:1:18: error: port.h: No such file or directory
checked program was:
/* begin */
1: #include <port.h>
/* end */

--------------------

have_header: checking for openssl/ssl.h... -------------------- yes

"gcc -E -I. -I/usr/local/lib/ruby/1.8/i686-linux -I.  -D_FILE_OFFSET_BITS=64  -g -O2    conftest.c -o conftest.i"
checked program was:
/* begin */
1: #include <openssl/ssl.h>
/* end */

--------------------

